{
  "stats": {
    "suites": 1,
    "tests": 1,
    "passes": 0,
    "pending": 0,
    "failures": 1,
    "start": "2026-03-09T00:02:03.138Z",
    "end": "2026-03-09T00:02:03.528Z",
    "duration": 390,
    "testsRegistered": 1,
    "passPercent": 0,
    "pendingPercent": 0,
    "other": 0,
    "hasOther": false,
    "skipped": 0,
    "hasSkipped": false
  },
  "results": [
    {
      "uuid": "0b08a8ed-0169-475a-b590-badfb982b9ca",
      "title": "",
      "fullFile": "cypress\\e2e\\ListarUsuariosCadastrados.cy.js",
      "file": "cypress\\e2e\\ListarUsuariosCadastrados.cy.js",
      "beforeHooks": [],
      "afterHooks": [],
      "tests": [],
      "suites": [
        {
          "uuid": "5ccd3783-3223-4a52-ae11-5f1112ef2238",
          "title": "Listar Usuários - API",
          "fullFile": "",
          "file": "",
          "beforeHooks": [],
          "afterHooks": [],
          "tests": [
            {
              "title": "Cenário Positivo - Retornar todos os usuários cadastrados e validar os dados",
              "fullTitle": "Listar Usuários - API Cenário Positivo - Retornar todos os usuários cadastrados e validar os dados",
              "timedOut": null,
              "duration": 338,
              "state": "failed",
              "speed": null,
              "pass": false,
              "fail": true,
              "pending": false,
              "context": null,
              "code": "cy.request({\n  method: 'GET',\n  url: 'https://serverest.dev/usuarios'\n}).then(response => {\n  // Valida status code\n  expect(response.status).to.eq(200);\n  // Valida que o body é um array\n  expect(response.body.usuarios).to.be.an('array');\n  // Valida que existe pelo menos um usuário\n  expect(response.body.usuarios.length).to.be.greaterThan(0);\n  // Valida campos do usuário\n  const primeiroUsuario = response.body.usuarios[0];\n  expect(primeiroUsuario).to.have.property('nome');\n  expect(primeiroUsuario).to.have.property('email');\n  expect(primeiroUsuario).to.have.property('password');\n  expect(primeiroUsuario).to.have.property('administrador');\n  expect(primeiroUsuario).to.have.property('_id');\n});",
              "err": {
                "message": "CypressError: `cy.request()` failed on:\n\nhttps://serverest.dev/usuarios\n\nThe response we received from your web server was:\n\n  > 503: Service Unavailable\n\nThis was considered a failure because the status code was not `2xx` or `3xx`.\n\nIf you do not want status codes to cause failures pass the option: `failOnStatusCode: false`\n\n-----------------------------------------------------------\n\nThe request we sent was:\n\nMethod: GET\nURL: https://serverest.dev/usuarios\nHeaders: {\n  \"Connection\": \"keep-alive\",\n  \"user-agent\": \"Mozilla/5.0 (Windows NT 10.0; Win64; x64) AppleWebKit/537.36 (KHTML, like Gecko) Cypress/15.11.0 Chrome/138.0.7204.251 Electron/37.6.0 Safari/537.36\",\n  \"accept\": \"*/*\",\n  \"accept-encoding\": \"gzip, deflate\"\n}\n\n-----------------------------------------------------------\n\nThe response we got was:\n\nStatus: 503 - Service Unavailable\nHeaders: {\n  \"date\": \"Mon, 09 Mar 2026 00:02:03 GMT\",\n  \"content-type\": \"text/html; charset=UTF-8\",\n  \"server\": \"Google Frontend\",\n  \"content-length\": \"302\"\n}\nBody: \n<html><head>\n<meta http-equiv=\"content-type\" content=\"text/html;charset=utf-8\">\n<title>503 Server Error</title>\n</head>\n<body text=#000000 bgcolor=#ffffff>\n<h1>Error: Server Error</h1>\n<h2>The service you requested is not available yet.<p>Please try again in 30 seconds.</h2>\n<h2></h2>\n</body></html>\n\nhttps://on.cypress.io/request",
                "estack": "CypressError: `cy.request()` failed on:\n\nhttps://serverest.dev/usuarios\n\nThe response we received from your web server was:\n\n  > 503: Service Unavailable\n\nThis was considered a failure because the status code was not `2xx` or `3xx`.\n\nIf you do not want status codes to cause failures pass the option: `failOnStatusCode: false`\n\n-----------------------------------------------------------\n\nThe request we sent was:\n\nMethod: GET\nURL: https://serverest.dev/usuarios\nHeaders: {\n  \"Connection\": \"keep-alive\",\n  \"user-agent\": \"Mozilla/5.0 (Windows NT 10.0; Win64; x64) AppleWebKit/537.36 (KHTML, like Gecko) Cypress/15.11.0 Chrome/138.0.7204.251 Electron/37.6.0 Safari/537.36\",\n  \"accept\": \"*/*\",\n  \"accept-encoding\": \"gzip, deflate\"\n}\n\n-----------------------------------------------------------\n\nThe response we got was:\n\nStatus: 503 - Service Unavailable\nHeaders: {\n  \"date\": \"Mon, 09 Mar 2026 00:02:03 GMT\",\n  \"content-type\": \"text/html; charset=UTF-8\",\n  \"server\": \"Google Frontend\",\n  \"content-length\": \"302\"\n}\nBody: \n<html><head>\n<meta http-equiv=\"content-type\" content=\"text/html;charset=utf-8\">\n<title>503 Server Error</title>\n</head>\n<body text=#000000 bgcolor=#ffffff>\n<h1>Error: Server Error</h1>\n<h2>The service you requested is not available yet.<p>Please try again in 30 seconds.</h2>\n<h2></h2>\n</body></html>\n\nhttps://on.cypress.io/request\n    at <unknown> (http://localhost:49673/__cypress/runner/cypress_runner.js:136430:72)\n    at tryCatcher (http://localhost:49673/__cypress/runner/cypress_runner.js:1777:23)\n    at Promise._settlePromiseFromHandler (http://localhost:49673/__cypress/runner/cypress_runner.js:1489:31)\n    at Promise._settlePromise (http://localhost:49673/__cypress/runner/cypress_runner.js:1546:18)\n    at Promise._settlePromise0 (http://localhost:49673/__cypress/runner/cypress_runner.js:1591:10)\n    at Promise._settlePromises (http://localhost:49673/__cypress/runner/cypress_runner.js:1671:18)\n    at _drainQueueStep (http://localhost:49673/__cypress/runner/cypress_runner.js:2377:12)\n    at _drainQueue (http://localhost:49673/__cypress/runner/cypress_runner.js:2370:9)\n    at Async._drainQueues (http://localhost:49673/__cypress/runner/cypress_runner.js:2386:5)\n    at Async.drainQueues (http://localhost:49673/__cypress/runner/cypress_runner.js:2256:14)\nFrom Your Spec Code:\n    at Context.eval (webpack://desafioapicarrefour/./cypress/e2e/ListarUsuariosCadastrados.cy.js:5:7)",
                "diff": null
              },
              "uuid": "39398fc7-35a9-43ab-8bc8-9f27f2099365",
              "parentUUID": "5ccd3783-3223-4a52-ae11-5f1112ef2238",
              "isHook": false,
              "skipped": false
            }
          ],
          "suites": [],
          "passes": [],
          "failures": [
            "39398fc7-35a9-43ab-8bc8-9f27f2099365"
          ],
          "pending": [],
          "skipped": [],
          "duration": 338,
          "root": false,
          "rootEmpty": false,
          "_timeout": 2000
        }
      ],
      "passes": [],
      "failures": [],
      "pending": [],
      "skipped": [],
      "duration": 0,
      "root": true,
      "rootEmpty": true,
      "_timeout": 2000
    }
  ],
  "meta": {
    "mocha": {
      "version": "7.2.0"
    },
    "mochawesome": {
      "options": {
        "quiet": false,
        "reportFilename": "mochawesome",
        "saveHtml": true,
        "saveJson": true,
        "consoleReporter": "spec",
        "useInlineDiffs": false,
        "code": true
      },
      "version": "7.1.4"
    },
    "marge": {
      "options": {
        "reportDir": "cypress/results",
        "overwrite": false,
        "html": true,
        "json": true
      },
      "version": "6.3.2"
    }
  }
}